{"/home/breeze/dev/finance-calculator/src/App.vue": {"path":"/home/breeze/dev/finance-calculator/src/App.vue","all":true,"statementMap":{"1":{"start":{"line":2,"column":0},"end":{"line":2,"column":39}},"2":{"start":{"line":3,"column":0},"end":{"line":3,"column":44}},"6":{"start":{"line":7,"column":0},"end":{"line":7,"column":16}},"7":{"start":{"line":8,"column":0},"end":{"line":8,"column":14}},"8":{"start":{"line":9,"column":0},"end":{"line":9,"column":39}},"9":{"start":{"line":10,"column":0},"end":{"line":10,"column":44}},"10":{"start":{"line":11,"column":0},"end":{"line":11,"column":37}},"11":{"start":{"line":12,"column":0},"end":{"line":12,"column":19}},"12":{"start":{"line":13,"column":0},"end":{"line":13,"column":17}},"13":{"start":{"line":14,"column":0},"end":{"line":14,"column":8}}},"s":{"1":0,"2":0,"6":0,"7":0,"8":0,"9":0,"10":0,"11":0,"12":0,"13":0},"branchMap":{"0":{"type":"branch","line":1,"loc":{"start":{"line":1,"column":775},"end":{"line":38,"column":8}},"locations":[{"start":{"line":1,"column":775},"end":{"line":38,"column":8}}]}},"b":{"0":[1]},"fnMap":{"0":{"name":"(empty-report)","decl":{"start":{"line":1,"column":775},"end":{"line":38,"column":8}},"loc":{"start":{"line":1,"column":775},"end":{"line":38,"column":8}},"line":1}},"f":{"0":1}}
,"/home/breeze/dev/finance-calculator/src/stores/coastFire.ts": {"path":"/home/breeze/dev/finance-calculator/src/stores/coastFire.ts","all":false,"statementMap":{"0":{"start":{"line":1,"column":0},"end":{"line":1,"column":35}},"1":{"start":{"line":2,"column":0},"end":{"line":2,"column":35}},"3":{"start":{"line":4,"column":0},"end":{"line":4,"column":65}},"4":{"start":{"line":5,"column":0},"end":{"line":5,"column":28}},"5":{"start":{"line":6,"column":0},"end":{"line":6,"column":31}},"6":{"start":{"line":7,"column":0},"end":{"line":7,"column":35}},"7":{"start":{"line":8,"column":0},"end":{"line":8,"column":35}},"8":{"start":{"line":9,"column":0},"end":{"line":9,"column":45}},"10":{"start":{"line":11,"column":0},"end":{"line":11,"column":22}},"11":{"start":{"line":12,"column":0},"end":{"line":12,"column":19}},"12":{"start":{"line":13,"column":0},"end":{"line":13,"column":22}},"13":{"start":{"line":14,"column":0},"end":{"line":14,"column":23}},"14":{"start":{"line":15,"column":0},"end":{"line":15,"column":27}},"15":{"start":{"line":16,"column":0},"end":{"line":16,"column":30}},"16":{"start":{"line":17,"column":0},"end":{"line":17,"column":4}},"18":{"start":{"line":19,"column":0},"end":{"line":19,"column":32}},"19":{"start":{"line":20,"column":0},"end":{"line":20,"column":20}},"20":{"start":{"line":21,"column":0},"end":{"line":21,"column":21}},"21":{"start":{"line":22,"column":0},"end":{"line":22,"column":24}},"22":{"start":{"line":23,"column":0},"end":{"line":23,"column":25}},"23":{"start":{"line":24,"column":0},"end":{"line":24,"column":29}},"24":{"start":{"line":25,"column":0},"end":{"line":25,"column":32}},"25":{"start":{"line":26,"column":0},"end":{"line":26,"column":5}},"27":{"start":{"line":28,"column":0},"end":{"line":28,"column":22}},"29":{"start":{"line":30,"column":0},"end":{"line":30,"column":58}},"30":{"start":{"line":31,"column":0},"end":{"line":31,"column":64}},"31":{"start":{"line":32,"column":0},"end":{"line":32,"column":21}},"32":{"start":{"line":33,"column":0},"end":{"line":33,"column":5}},"34":{"start":{"line":35,"column":0},"end":{"line":35,"column":49}},"35":{"start":{"line":36,"column":0},"end":{"line":36,"column":84}},"36":{"start":{"line":37,"column":0},"end":{"line":37,"column":21}},"37":{"start":{"line":38,"column":0},"end":{"line":38,"column":5}},"39":{"start":{"line":40,"column":0},"end":{"line":40,"column":36}},"40":{"start":{"line":41,"column":0},"end":{"line":41,"column":71}},"41":{"start":{"line":42,"column":0},"end":{"line":42,"column":21}},"42":{"start":{"line":43,"column":0},"end":{"line":43,"column":5}},"44":{"start":{"line":45,"column":0},"end":{"line":45,"column":35}},"45":{"start":{"line":46,"column":0},"end":{"line":46,"column":64}},"46":{"start":{"line":47,"column":0},"end":{"line":47,"column":21}},"47":{"start":{"line":48,"column":0},"end":{"line":48,"column":5}},"49":{"start":{"line":50,"column":0},"end":{"line":50,"column":72}},"50":{"start":{"line":51,"column":0},"end":{"line":51,"column":80}},"51":{"start":{"line":52,"column":0},"end":{"line":52,"column":21}},"52":{"start":{"line":53,"column":0},"end":{"line":53,"column":5}},"54":{"start":{"line":55,"column":0},"end":{"line":55,"column":44}},"55":{"start":{"line":56,"column":0},"end":{"line":56,"column":82}},"56":{"start":{"line":57,"column":0},"end":{"line":57,"column":21}},"57":{"start":{"line":58,"column":0},"end":{"line":58,"column":5}},"59":{"start":{"line":60,"column":0},"end":{"line":60,"column":18}},"60":{"start":{"line":61,"column":0},"end":{"line":61,"column":3}},"62":{"start":{"line":63,"column":0},"end":{"line":63,"column":33}},"63":{"start":{"line":64,"column":0},"end":{"line":64,"column":25}},"64":{"start":{"line":65,"column":0},"end":{"line":65,"column":28}},"65":{"start":{"line":66,"column":0},"end":{"line":66,"column":32}},"66":{"start":{"line":67,"column":0},"end":{"line":67,"column":32}},"67":{"start":{"line":68,"column":0},"end":{"line":68,"column":42}},"69":{"start":{"line":70,"column":0},"end":{"line":70,"column":20}},"70":{"start":{"line":71,"column":0},"end":{"line":71,"column":21}},"71":{"start":{"line":72,"column":0},"end":{"line":72,"column":24}},"72":{"start":{"line":73,"column":0},"end":{"line":73,"column":25}},"73":{"start":{"line":74,"column":0},"end":{"line":74,"column":29}},"74":{"start":{"line":75,"column":0},"end":{"line":75,"column":32}},"75":{"start":{"line":76,"column":0},"end":{"line":76,"column":5}},"76":{"start":{"line":77,"column":0},"end":{"line":77,"column":3}},"78":{"start":{"line":79,"column":0},"end":{"line":79,"column":44}},"79":{"start":{"line":80,"column":0},"end":{"line":80,"column":62}},"80":{"start":{"line":81,"column":0},"end":{"line":81,"column":4}},"82":{"start":{"line":83,"column":0},"end":{"line":83,"column":54}},"83":{"start":{"line":84,"column":0},"end":{"line":84,"column":47}},"84":{"start":{"line":85,"column":0},"end":{"line":85,"column":41}},"85":{"start":{"line":86,"column":0},"end":{"line":86,"column":59}},"86":{"start":{"line":87,"column":0},"end":{"line":87,"column":4}},"88":{"start":{"line":89,"column":0},"end":{"line":89,"column":43}},"89":{"start":{"line":90,"column":0},"end":{"line":90,"column":76}},"90":{"start":{"line":91,"column":0},"end":{"line":91,"column":4}},"92":{"start":{"line":93,"column":0},"end":{"line":93,"column":50}},"93":{"start":{"line":94,"column":0},"end":{"line":94,"column":40}},"94":{"start":{"line":95,"column":0},"end":{"line":95,"column":47}},"95":{"start":{"line":96,"column":0},"end":{"line":96,"column":41}},"96":{"start":{"line":97,"column":0},"end":{"line":97,"column":79}},"97":{"start":{"line":98,"column":0},"end":{"line":98,"column":81}},"98":{"start":{"line":99,"column":0},"end":{"line":99,"column":59}},"99":{"start":{"line":100,"column":0},"end":{"line":100,"column":4}},"101":{"start":{"line":102,"column":0},"end":{"line":102,"column":39}},"102":{"start":{"line":103,"column":0},"end":{"line":103,"column":55}},"104":{"start":{"line":105,"column":0},"end":{"line":105,"column":47}},"105":{"start":{"line":106,"column":0},"end":{"line":106,"column":106}},"106":{"start":{"line":107,"column":0},"end":{"line":107,"column":55}},"107":{"start":{"line":108,"column":0},"end":{"line":108,"column":4}},"109":{"start":{"line":110,"column":0},"end":{"line":110,"column":10}},"110":{"start":{"line":111,"column":0},"end":{"line":111,"column":15}},"111":{"start":{"line":112,"column":0},"end":{"line":112,"column":18}},"112":{"start":{"line":113,"column":0},"end":{"line":113,"column":19}},"113":{"start":{"line":114,"column":0},"end":{"line":114,"column":23}},"114":{"start":{"line":115,"column":0},"end":{"line":115,"column":27}},"115":{"start":{"line":116,"column":0},"end":{"line":116,"column":11}},"116":{"start":{"line":117,"column":0},"end":{"line":117,"column":19}},"117":{"start":{"line":118,"column":0},"end":{"line":118,"column":22}},"118":{"start":{"line":119,"column":0},"end":{"line":119,"column":32}},"119":{"start":{"line":120,"column":0},"end":{"line":120,"column":21}},"120":{"start":{"line":121,"column":0},"end":{"line":121,"column":28}},"121":{"start":{"line":122,"column":0},"end":{"line":122,"column":17}},"122":{"start":{"line":123,"column":0},"end":{"line":123,"column":19}},"123":{"start":{"line":124,"column":0},"end":{"line":124,"column":3}},"124":{"start":{"line":125,"column":0},"end":{"line":125,"column":4}},"125":{"start":{"line":126,"column":0},"end":{"line":126,"column":12}},"126":{"start":{"line":127,"column":0},"end":{"line":127,"column":21}},"127":{"start":{"line":128,"column":0},"end":{"line":128,"column":25}},"128":{"start":{"line":129,"column":0},"end":{"line":129,"column":3}},"129":{"start":{"line":130,"column":0},"end":{"line":130,"column":2}}},"s":{"0":1,"1":1,"3":1,"4":41,"5":41,"6":41,"7":41,"8":41,"10":41,"11":41,"12":41,"13":41,"14":41,"15":41,"16":41,"18":41,"19":16,"20":16,"21":16,"22":16,"23":16,"24":16,"25":16,"27":16,"29":16,"30":3,"31":3,"32":3,"34":16,"35":3,"36":3,"37":3,"39":16,"40":0,"41":0,"42":0,"44":16,"45":1,"46":1,"47":1,"49":16,"50":2,"51":2,"52":2,"54":16,"55":2,"56":2,"57":2,"59":16,"60":16,"62":41,"63":2,"64":2,"65":2,"66":2,"67":2,"69":2,"70":2,"71":2,"72":2,"73":2,"74":2,"75":2,"76":2,"78":41,"79":42,"80":41,"82":41,"83":41,"84":41,"85":41,"86":41,"88":41,"89":34,"90":41,"92":41,"93":18,"94":10,"95":10,"96":18,"97":9,"98":9,"99":41,"101":41,"102":19,"104":11,"105":11,"106":11,"107":41,"109":41,"110":41,"111":41,"112":41,"113":41,"114":41,"115":41,"116":41,"117":41,"118":41,"119":41,"120":41,"121":41,"122":41,"123":41,"124":1,"125":1,"126":1,"127":1,"128":1,"129":1},"branchMap":{"0":{"type":"branch","line":4,"loc":{"start":{"line":4,"column":58},"end":{"line":125,"column":3}},"locations":[{"start":{"line":4,"column":58},"end":{"line":125,"column":3}}]},"1":{"type":"branch","line":19,"loc":{"start":{"line":19,"column":25},"end":{"line":61,"column":3}},"locations":[{"start":{"line":19,"column":25},"end":{"line":61,"column":3}}]},"2":{"type":"branch","line":30,"loc":{"start":{"line":30,"column":27},"end":{"line":30,"column":57}},"locations":[{"start":{"line":30,"column":27},"end":{"line":30,"column":57}}]},"3":{"type":"branch","line":30,"loc":{"start":{"line":30,"column":57},"end":{"line":33,"column":5}},"locations":[{"start":{"line":30,"column":57},"end":{"line":33,"column":5}}]},"4":{"type":"branch","line":35,"loc":{"start":{"line":35,"column":48},"end":{"line":38,"column":5}},"locations":[{"start":{"line":35,"column":48},"end":{"line":38,"column":5}}]},"5":{"type":"branch","line":40,"loc":{"start":{"line":40,"column":35},"end":{"line":43,"column":5}},"locations":[{"start":{"line":40,"column":35},"end":{"line":43,"column":5}}]},"6":{"type":"branch","line":45,"loc":{"start":{"line":45,"column":34},"end":{"line":48,"column":5}},"locations":[{"start":{"line":45,"column":34},"end":{"line":48,"column":5}}]},"7":{"type":"branch","line":50,"loc":{"start":{"line":50,"column":35},"end":{"line":50,"column":71}},"locations":[{"start":{"line":50,"column":35},"end":{"line":50,"column":71}}]},"8":{"type":"branch","line":50,"loc":{"start":{"line":50,"column":71},"end":{"line":53,"column":5}},"locations":[{"start":{"line":50,"column":71},"end":{"line":53,"column":5}}]},"9":{"type":"branch","line":55,"loc":{"start":{"line":55,"column":43},"end":{"line":58,"column":5}},"locations":[{"start":{"line":55,"column":43},"end":{"line":58,"column":5}}]},"10":{"type":"branch","line":63,"loc":{"start":{"line":63,"column":26},"end":{"line":77,"column":3}},"locations":[{"start":{"line":63,"column":26},"end":{"line":77,"column":3}}]},"11":{"type":"branch","line":79,"loc":{"start":{"line":79,"column":37},"end":{"line":81,"column":3}},"locations":[{"start":{"line":79,"column":37},"end":{"line":81,"column":3}}]},"12":{"type":"branch","line":83,"loc":{"start":{"line":83,"column":47},"end":{"line":87,"column":3}},"locations":[{"start":{"line":83,"column":47},"end":{"line":87,"column":3}}]},"13":{"type":"branch","line":89,"loc":{"start":{"line":89,"column":36},"end":{"line":91,"column":3}},"locations":[{"start":{"line":89,"column":36},"end":{"line":91,"column":3}}]},"14":{"type":"branch","line":93,"loc":{"start":{"line":93,"column":43},"end":{"line":100,"column":3}},"locations":[{"start":{"line":93,"column":43},"end":{"line":100,"column":3}}]},"15":{"type":"branch","line":94,"loc":{"start":{"line":94,"column":32},"end":{"line":94,"column":40}},"locations":[{"start":{"line":94,"column":32},"end":{"line":94,"column":40}}]},"16":{"type":"branch","line":94,"loc":{"start":{"line":94,"column":39},"end":{"line":97,"column":28}},"locations":[{"start":{"line":94,"column":39},"end":{"line":97,"column":28}}]},"17":{"type":"branch","line":97,"loc":{"start":{"line":97,"column":21},"end":{"line":97,"column":79}},"locations":[{"start":{"line":97,"column":21},"end":{"line":97,"column":79}}]},"18":{"type":"branch","line":97,"loc":{"start":{"line":97,"column":74},"end":{"line":99,"column":59}},"locations":[{"start":{"line":97,"column":74},"end":{"line":99,"column":59}}]},"19":{"type":"branch","line":102,"loc":{"start":{"line":102,"column":32},"end":{"line":108,"column":3}},"locations":[{"start":{"line":102,"column":32},"end":{"line":108,"column":3}}]},"20":{"type":"branch","line":103,"loc":{"start":{"line":103,"column":32},"end":{"line":103,"column":55}},"locations":[{"start":{"line":103,"column":32},"end":{"line":103,"column":55}}]},"21":{"type":"branch","line":103,"loc":{"start":{"line":103,"column":50},"end":{"line":107,"column":55}},"locations":[{"start":{"line":103,"column":50},"end":{"line":107,"column":55}}]}},"b":{"0":[41],"1":[16],"2":[14],"3":[3],"4":[3],"5":[0],"6":[1],"7":[15],"8":[2],"9":[2],"10":[2],"11":[42],"12":[41],"13":[34],"14":[18],"15":[8],"16":[10],"17":[1],"18":[9],"19":[19],"20":[8],"21":[11]},"fnMap":{"0":{"name":"useCoastFireStore.persist.key","decl":{"start":{"line":4,"column":58},"end":{"line":125,"column":3}},"loc":{"start":{"line":4,"column":58},"end":{"line":125,"column":3}},"line":4},"1":{"name":"validateInputs","decl":{"start":{"line":19,"column":25},"end":{"line":61,"column":3}},"loc":{"start":{"line":19,"column":25},"end":{"line":61,"column":3}},"line":19},"2":{"name":"resetToDefaults","decl":{"start":{"line":63,"column":26},"end":{"line":77,"column":3}},"loc":{"start":{"line":63,"column":26},"end":{"line":77,"column":3}},"line":63}},"f":{"0":41,"1":16,"2":2}}
,"/home/breeze/dev/finance-calculator/src/stores/mortgagePayoff.ts": {"path":"/home/breeze/dev/finance-calculator/src/stores/mortgagePayoff.ts","all":false,"statementMap":{"0":{"start":{"line":1,"column":0},"end":{"line":1,"column":35}},"1":{"start":{"line":2,"column":0},"end":{"line":2,"column":35}},"3":{"start":{"line":4,"column":0},"end":{"line":4,"column":75}},"4":{"start":{"line":5,"column":0},"end":{"line":5,"column":31}},"5":{"start":{"line":6,"column":0},"end":{"line":6,"column":27}},"6":{"start":{"line":7,"column":0},"end":{"line":7,"column":31}},"7":{"start":{"line":8,"column":0},"end":{"line":8,"column":34}},"8":{"start":{"line":9,"column":0},"end":{"line":9,"column":41}},"9":{"start":{"line":10,"column":0},"end":{"line":10,"column":31}},"11":{"start":{"line":12,"column":0},"end":{"line":12,"column":37}},"12":{"start":{"line":13,"column":0},"end":{"line":13,"column":35}},"13":{"start":{"line":14,"column":0},"end":{"line":14,"column":45}},"15":{"start":{"line":16,"column":0},"end":{"line":16,"column":33}},"16":{"start":{"line":17,"column":0},"end":{"line":17,"column":28}},"17":{"start":{"line":18,"column":0},"end":{"line":18,"column":24}},"18":{"start":{"line":19,"column":0},"end":{"line":19,"column":28}},"19":{"start":{"line":20,"column":0},"end":{"line":20,"column":31}},"20":{"start":{"line":21,"column":0},"end":{"line":21,"column":38}},"21":{"start":{"line":22,"column":0},"end":{"line":22,"column":28}},"22":{"start":{"line":23,"column":0},"end":{"line":23,"column":34}},"23":{"start":{"line":24,"column":0},"end":{"line":24,"column":32}},"24":{"start":{"line":25,"column":0},"end":{"line":25,"column":42}},"25":{"start":{"line":26,"column":0},"end":{"line":26,"column":3}},"27":{"start":{"line":28,"column":0},"end":{"line":28,"column":75}},"28":{"start":{"line":29,"column":0},"end":{"line":29,"column":58}},"30":{"start":{"line":31,"column":0},"end":{"line":31,"column":74}},"31":{"start":{"line":32,"column":0},"end":{"line":32,"column":43}},"32":{"start":{"line":33,"column":0},"end":{"line":33,"column":18}},"33":{"start":{"line":34,"column":0},"end":{"line":34,"column":55}},"34":{"start":{"line":35,"column":0},"end":{"line":35,"column":42}},"36":{"start":{"line":37,"column":0},"end":{"line":37,"column":59}},"37":{"start":{"line":38,"column":0},"end":{"line":38,"column":43}},"38":{"start":{"line":39,"column":0},"end":{"line":39,"column":55}},"39":{"start":{"line":40,"column":0},"end":{"line":40,"column":33}},"40":{"start":{"line":41,"column":0},"end":{"line":41,"column":14}},"42":{"start":{"line":43,"column":0},"end":{"line":43,"column":34}},"43":{"start":{"line":44,"column":0},"end":{"line":44,"column":5}},"45":{"start":{"line":46,"column":0},"end":{"line":46,"column":17}},"46":{"start":{"line":47,"column":0},"end":{"line":47,"column":3}},"48":{"start":{"line":49,"column":0},"end":{"line":49,"column":77}},"49":{"start":{"line":50,"column":0},"end":{"line":50,"column":43}},"50":{"start":{"line":51,"column":0},"end":{"line":51,"column":25}},"51":{"start":{"line":52,"column":0},"end":{"line":52,"column":18}},"52":{"start":{"line":53,"column":0},"end":{"line":53,"column":55}},"53":{"start":{"line":54,"column":0},"end":{"line":54,"column":42}},"55":{"start":{"line":56,"column":0},"end":{"line":56,"column":59}},"56":{"start":{"line":57,"column":0},"end":{"line":57,"column":43}},"57":{"start":{"line":58,"column":0},"end":{"line":58,"column":37}},"58":{"start":{"line":59,"column":0},"end":{"line":59,"column":55}},"59":{"start":{"line":60,"column":0},"end":{"line":60,"column":33}},"60":{"start":{"line":61,"column":0},"end":{"line":61,"column":14}},"62":{"start":{"line":63,"column":0},"end":{"line":63,"column":34}},"63":{"start":{"line":64,"column":0},"end":{"line":64,"column":5}},"65":{"start":{"line":66,"column":0},"end":{"line":66,"column":24}},"66":{"start":{"line":67,"column":0},"end":{"line":67,"column":3}},"68":{"start":{"line":69,"column":0},"end":{"line":69,"column":68}},"69":{"start":{"line":70,"column":0},"end":{"line":70,"column":72}},"71":{"start":{"line":72,"column":0},"end":{"line":72,"column":49}},"72":{"start":{"line":73,"column":0},"end":{"line":73,"column":77}},"73":{"start":{"line":74,"column":0},"end":{"line":74,"column":3}},"74":{"start":{"line":75,"column":0},"end":{"line":75,"column":50}},"75":{"start":{"line":76,"column":0},"end":{"line":76,"column":80}},"76":{"start":{"line":77,"column":0},"end":{"line":77,"column":3}},"78":{"start":{"line":79,"column":0},"end":{"line":79,"column":92}},"79":{"start":{"line":80,"column":0},"end":{"line":80,"column":96}},"81":{"start":{"line":82,"column":0},"end":{"line":82,"column":42}},"82":{"start":{"line":83,"column":0},"end":{"line":83,"column":48}},"83":{"start":{"line":84,"column":0},"end":{"line":84,"column":63}},"85":{"start":{"line":86,"column":0},"end":{"line":86,"column":84}},"87":{"start":{"line":88,"column":0},"end":{"line":88,"column":45}},"88":{"start":{"line":89,"column":0},"end":{"line":89,"column":59}},"89":{"start":{"line":90,"column":0},"end":{"line":90,"column":67}},"90":{"start":{"line":91,"column":0},"end":{"line":91,"column":36}},"91":{"start":{"line":92,"column":0},"end":{"line":92,"column":5}},"93":{"start":{"line":94,"column":0},"end":{"line":94,"column":26}},"94":{"start":{"line":95,"column":0},"end":{"line":95,"column":3}},"96":{"start":{"line":97,"column":0},"end":{"line":97,"column":74}},"98":{"start":{"line":99,"column":0},"end":{"line":99,"column":43}},"99":{"start":{"line":100,"column":0},"end":{"line":100,"column":113}},"100":{"start":{"line":101,"column":0},"end":{"line":101,"column":54}},"101":{"start":{"line":102,"column":0},"end":{"line":102,"column":4}},"103":{"start":{"line":104,"column":0},"end":{"line":104,"column":98}},"105":{"start":{"line":106,"column":0},"end":{"line":106,"column":97}},"107":{"start":{"line":108,"column":0},"end":{"line":108,"column":41}},"108":{"start":{"line":109,"column":0},"end":{"line":109,"column":100}},"109":{"start":{"line":110,"column":0},"end":{"line":110,"column":4}},"111":{"start":{"line":112,"column":0},"end":{"line":112,"column":10}},"112":{"start":{"line":113,"column":0},"end":{"line":113,"column":14}},"113":{"start":{"line":114,"column":0},"end":{"line":114,"column":14}},"114":{"start":{"line":115,"column":0},"end":{"line":115,"column":17}},"115":{"start":{"line":116,"column":0},"end":{"line":116,"column":19}},"116":{"start":{"line":117,"column":0},"end":{"line":117,"column":29}},"117":{"start":{"line":118,"column":0},"end":{"line":118,"column":19}},"118":{"start":{"line":119,"column":0},"end":{"line":119,"column":25}},"119":{"start":{"line":120,"column":0},"end":{"line":120,"column":22}},"120":{"start":{"line":121,"column":0},"end":{"line":121,"column":29}},"121":{"start":{"line":122,"column":0},"end":{"line":122,"column":24}},"122":{"start":{"line":123,"column":0},"end":{"line":123,"column":16}},"123":{"start":{"line":124,"column":0},"end":{"line":124,"column":21}},"124":{"start":{"line":125,"column":0},"end":{"line":125,"column":22}},"125":{"start":{"line":126,"column":0},"end":{"line":126,"column":28}},"126":{"start":{"line":127,"column":0},"end":{"line":127,"column":29}},"127":{"start":{"line":128,"column":0},"end":{"line":128,"column":16}},"128":{"start":{"line":129,"column":0},"end":{"line":129,"column":18}},"129":{"start":{"line":130,"column":0},"end":{"line":130,"column":26}},"130":{"start":{"line":131,"column":0},"end":{"line":131,"column":21}},"131":{"start":{"line":132,"column":0},"end":{"line":132,"column":20}},"132":{"start":{"line":133,"column":0},"end":{"line":133,"column":24}},"133":{"start":{"line":134,"column":0},"end":{"line":134,"column":19}},"134":{"start":{"line":135,"column":0},"end":{"line":135,"column":19}},"135":{"start":{"line":136,"column":0},"end":{"line":136,"column":3}},"136":{"start":{"line":137,"column":0},"end":{"line":137,"column":4}},"137":{"start":{"line":138,"column":0},"end":{"line":138,"column":12}},"138":{"start":{"line":139,"column":0},"end":{"line":139,"column":26}},"139":{"start":{"line":140,"column":0},"end":{"line":140,"column":25}},"140":{"start":{"line":141,"column":0},"end":{"line":141,"column":3}},"141":{"start":{"line":142,"column":0},"end":{"line":142,"column":2}}},"s":{"0":1,"1":1,"3":1,"4":55,"5":55,"6":55,"7":55,"8":55,"9":55,"11":55,"12":55,"13":55,"15":55,"16":2,"17":2,"18":2,"19":2,"20":2,"21":2,"22":2,"23":2,"24":2,"25":2,"27":55,"28":55,"30":55,"31":68,"32":68,"33":68,"34":68,"36":68,"37":18134,"38":18134,"39":18134,"40":18134,"42":18134,"43":18134,"45":68,"46":68,"48":55,"49":59,"50":59,"51":59,"52":59,"53":59,"55":59,"56":15212,"57":15212,"58":15212,"59":15212,"60":15212,"62":15212,"63":15212,"65":59,"66":59,"68":55,"69":55,"71":55,"72":30,"73":55,"74":55,"75":21,"76":55,"78":55,"79":55,"81":55,"82":15,"83":15,"85":15,"87":15,"88":13,"89":13,"90":13,"91":13,"93":15,"94":15,"96":55,"98":55,"99":11,"100":11,"101":55,"103":55,"105":55,"107":55,"108":7,"109":55,"111":55,"112":55,"113":55,"114":55,"115":55,"116":55,"117":55,"118":55,"119":55,"120":55,"121":55,"122":55,"123":55,"124":55,"125":55,"126":55,"127":55,"128":55,"129":55,"130":55,"131":55,"132":55,"133":55,"134":55,"135":55,"136":1,"137":1,"138":1,"139":1,"140":1,"141":1},"branchMap":{"0":{"type":"branch","line":4,"loc":{"start":{"line":4,"column":68},"end":{"line":137,"column":3}},"locations":[{"start":{"line":4,"column":68},"end":{"line":137,"column":3}}]},"1":{"type":"branch","line":16,"loc":{"start":{"line":16,"column":26},"end":{"line":26,"column":3}},"locations":[{"start":{"line":16,"column":26},"end":{"line":26,"column":3}}]},"2":{"type":"branch","line":28,"loc":{"start":{"line":28,"column":39},"end":{"line":28,"column":74}},"locations":[{"start":{"line":28,"column":39},"end":{"line":28,"column":74}}]},"3":{"type":"branch","line":29,"loc":{"start":{"line":29,"column":31},"end":{"line":29,"column":57}},"locations":[{"start":{"line":29,"column":31},"end":{"line":29,"column":57}}]},"4":{"type":"branch","line":31,"loc":{"start":{"line":31,"column":30},"end":{"line":47,"column":3}},"locations":[{"start":{"line":31,"column":30},"end":{"line":47,"column":3}}]},"5":{"type":"branch","line":37,"loc":{"start":{"line":37,"column":21},"end":{"line":37,"column":58}},"locations":[{"start":{"line":37,"column":21},"end":{"line":37,"column":58}}]},"6":{"type":"branch","line":37,"loc":{"start":{"line":37,"column":58},"end":{"line":44,"column":5}},"locations":[{"start":{"line":37,"column":58},"end":{"line":44,"column":5}}]},"7":{"type":"branch","line":43,"loc":{"start":{"line":43,"column":23},"end":{"line":43,"column":34}},"locations":[{"start":{"line":43,"column":23},"end":{"line":43,"column":34}}]},"8":{"type":"branch","line":49,"loc":{"start":{"line":49,"column":33},"end":{"line":67,"column":3}},"locations":[{"start":{"line":49,"column":33},"end":{"line":67,"column":3}}]},"9":{"type":"branch","line":56,"loc":{"start":{"line":56,"column":21},"end":{"line":56,"column":58}},"locations":[{"start":{"line":56,"column":21},"end":{"line":56,"column":58}}]},"10":{"type":"branch","line":56,"loc":{"start":{"line":56,"column":58},"end":{"line":64,"column":5}},"locations":[{"start":{"line":56,"column":58},"end":{"line":64,"column":5}}]},"11":{"type":"branch","line":63,"loc":{"start":{"line":63,"column":23},"end":{"line":63,"column":34}},"locations":[{"start":{"line":63,"column":23},"end":{"line":63,"column":34}}]},"12":{"type":"branch","line":69,"loc":{"start":{"line":69,"column":36},"end":{"line":69,"column":67}},"locations":[{"start":{"line":69,"column":36},"end":{"line":69,"column":67}}]},"13":{"type":"branch","line":70,"loc":{"start":{"line":70,"column":37},"end":{"line":70,"column":71}},"locations":[{"start":{"line":70,"column":37},"end":{"line":70,"column":71}}]},"14":{"type":"branch","line":72,"loc":{"start":{"line":72,"column":43},"end":{"line":73,"column":77}},"locations":[{"start":{"line":72,"column":43},"end":{"line":73,"column":77}}]},"15":{"type":"branch","line":75,"loc":{"start":{"line":75,"column":44},"end":{"line":76,"column":80}},"locations":[{"start":{"line":75,"column":44},"end":{"line":76,"column":80}}]},"16":{"type":"branch","line":79,"loc":{"start":{"line":79,"column":31},"end":{"line":79,"column":91}},"locations":[{"start":{"line":79,"column":31},"end":{"line":79,"column":91}}]},"17":{"type":"branch","line":80,"loc":{"start":{"line":80,"column":33},"end":{"line":80,"column":95}},"locations":[{"start":{"line":80,"column":33},"end":{"line":80,"column":95}}]},"18":{"type":"branch","line":82,"loc":{"start":{"line":82,"column":35},"end":{"line":95,"column":3}},"locations":[{"start":{"line":82,"column":35},"end":{"line":95,"column":3}}]},"19":{"type":"branch","line":88,"loc":{"start":{"line":88,"column":44},"end":{"line":92,"column":5}},"locations":[{"start":{"line":88,"column":44},"end":{"line":92,"column":5}}]},"20":{"type":"branch","line":97,"loc":{"start":{"line":97,"column":41},"end":{"line":97,"column":73}},"locations":[{"start":{"line":97,"column":41},"end":{"line":97,"column":73}}]},"21":{"type":"branch","line":99,"loc":{"start":{"line":99,"column":36},"end":{"line":102,"column":3}},"locations":[{"start":{"line":99,"column":36},"end":{"line":102,"column":3}}]},"22":{"type":"branch","line":104,"loc":{"start":{"line":104,"column":35},"end":{"line":104,"column":97}},"locations":[{"start":{"line":104,"column":35},"end":{"line":104,"column":97}}]},"23":{"type":"branch","line":106,"loc":{"start":{"line":106,"column":39},"end":{"line":106,"column":96}},"locations":[{"start":{"line":106,"column":39},"end":{"line":106,"column":96}}]},"24":{"type":"branch","line":108,"loc":{"start":{"line":108,"column":34},"end":{"line":110,"column":3}},"locations":[{"start":{"line":108,"column":34},"end":{"line":110,"column":3}}]},"25":{"type":"branch","line":109,"loc":{"start":{"line":109,"column":72},"end":{"line":109,"column":92}},"locations":[{"start":{"line":109,"column":72},"end":{"line":109,"column":92}}]},"26":{"type":"branch","line":109,"loc":{"start":{"line":109,"column":81},"end":{"line":109,"column":100}},"locations":[{"start":{"line":109,"column":81},"end":{"line":109,"column":100}}]}},"b":{"0":[55],"1":[2],"2":[60],"3":[54],"4":[68],"5":[18138],"6":[18134],"7":[63],"8":[59],"9":[15215],"10":[15212],"11":[55],"12":[38],"13":[38],"14":[30],"15":[21],"16":[11],"17":[13],"18":[15],"19":[13],"20":[15],"21":[11],"22":[9],"23":[8],"24":[7],"25":[1],"26":[6]},"fnMap":{"0":{"name":"useMortgagePayoffStore.persist.key","decl":{"start":{"line":4,"column":68},"end":{"line":137,"column":3}},"loc":{"start":{"line":4,"column":68},"end":{"line":137,"column":3}},"line":4},"1":{"name":"resetToDefaults","decl":{"start":{"line":16,"column":26},"end":{"line":26,"column":3}},"loc":{"start":{"line":16,"column":26},"end":{"line":26,"column":3}},"line":16},"2":{"name":"calculatePayoffTime","decl":{"start":{"line":31,"column":30},"end":{"line":47,"column":3}},"loc":{"start":{"line":31,"column":30},"end":{"line":47,"column":3}},"line":31},"3":{"name":"calculateTotalInterest","decl":{"start":{"line":49,"column":33},"end":{"line":67,"column":3}},"loc":{"start":{"line":49,"column":33},"end":{"line":67,"column":3}},"line":49},"4":{"name":"calculateInvestmentValue","decl":{"start":{"line":82,"column":35},"end":{"line":95,"column":3}},"loc":{"start":{"line":82,"column":35},"end":{"line":95,"column":3}},"line":82}},"f":{"0":55,"1":2,"2":68,"3":59,"4":15}}
,"/home/breeze/dev/finance-calculator/tests/utils/testHelpers.ts": {"path":"/home/breeze/dev/finance-calculator/tests/utils/testHelpers.ts","all":false,"statementMap":{"37":{"start":{"line":38,"column":0},"end":{"line":38,"column":60}},"38":{"start":{"line":39,"column":0},"end":{"line":39,"column":3}},"40":{"start":{"line":41,"column":0},"end":{"line":41,"column":19}},"41":{"start":{"line":42,"column":0},"end":{"line":42,"column":22}},"42":{"start":{"line":43,"column":0},"end":{"line":43,"column":26}},"43":{"start":{"line":44,"column":0},"end":{"line":44,"column":26}},"44":{"start":{"line":45,"column":0},"end":{"line":45,"column":36}},"45":{"start":{"line":46,"column":0},"end":{"line":46,"column":22}},"46":{"start":{"line":47,"column":0},"end":{"line":47,"column":28}},"47":{"start":{"line":48,"column":0},"end":{"line":48,"column":63}},"48":{"start":{"line":49,"column":0},"end":{"line":49,"column":24}},"49":{"start":{"line":50,"column":0},"end":{"line":50,"column":5}},"50":{"start":{"line":51,"column":0},"end":{"line":51,"column":4}},"51":{"start":{"line":52,"column":0},"end":{"line":52,"column":3}},"53":{"start":{"line":54,"column":0},"end":{"line":54,"column":19}},"54":{"start":{"line":55,"column":0},"end":{"line":55,"column":22}},"55":{"start":{"line":56,"column":0},"end":{"line":56,"column":27}},"56":{"start":{"line":57,"column":0},"end":{"line":57,"column":26}},"57":{"start":{"line":58,"column":0},"end":{"line":58,"column":36}},"58":{"start":{"line":59,"column":0},"end":{"line":59,"column":22}},"59":{"start":{"line":60,"column":0},"end":{"line":60,"column":28}},"60":{"start":{"line":61,"column":0},"end":{"line":61,"column":24}},"61":{"start":{"line":62,"column":0},"end":{"line":62,"column":26}},"62":{"start":{"line":63,"column":0},"end":{"line":63,"column":22}},"63":{"start":{"line":64,"column":0},"end":{"line":64,"column":5}},"64":{"start":{"line":65,"column":0},"end":{"line":65,"column":4}},"65":{"start":{"line":66,"column":0},"end":{"line":66,"column":3}},"67":{"start":{"line":68,"column":0},"end":{"line":68,"column":19}},"68":{"start":{"line":69,"column":0},"end":{"line":69,"column":22}},"69":{"start":{"line":70,"column":0},"end":{"line":70,"column":27}},"70":{"start":{"line":71,"column":0},"end":{"line":71,"column":26}},"71":{"start":{"line":72,"column":0},"end":{"line":72,"column":35}},"72":{"start":{"line":73,"column":0},"end":{"line":73,"column":22}},"73":{"start":{"line":74,"column":0},"end":{"line":74,"column":27}},"74":{"start":{"line":75,"column":0},"end":{"line":75,"column":26}},"75":{"start":{"line":76,"column":0},"end":{"line":76,"column":23}},"76":{"start":{"line":77,"column":0},"end":{"line":77,"column":5}},"77":{"start":{"line":78,"column":0},"end":{"line":78,"column":4}},"78":{"start":{"line":79,"column":0},"end":{"line":79,"column":3}},"80":{"start":{"line":81,"column":0},"end":{"line":81,"column":19}},"81":{"start":{"line":82,"column":0},"end":{"line":82,"column":22}},"82":{"start":{"line":83,"column":0},"end":{"line":83,"column":26}},"83":{"start":{"line":84,"column":0},"end":{"line":84,"column":26}},"84":{"start":{"line":85,"column":0},"end":{"line":85,"column":35}},"85":{"start":{"line":86,"column":0},"end":{"line":86,"column":22}},"86":{"start":{"line":87,"column":0},"end":{"line":87,"column":28}},"87":{"start":{"line":88,"column":0},"end":{"line":88,"column":38}},"88":{"start":{"line":89,"column":0},"end":{"line":89,"column":24}},"89":{"start":{"line":90,"column":0},"end":{"line":90,"column":5}},"90":{"start":{"line":91,"column":0},"end":{"line":91,"column":3}},"91":{"start":{"line":92,"column":0},"end":{"line":92,"column":1}},"96":{"start":{"line":97,"column":0},"end":{"line":97,"column":58}},"97":{"start":{"line":98,"column":0},"end":{"line":98,"column":3}},"99":{"start":{"line":100,"column":0},"end":{"line":100,"column":22}},"100":{"start":{"line":101,"column":0},"end":{"line":101,"column":18}},"101":{"start":{"line":102,"column":0},"end":{"line":102,"column":22}},"102":{"start":{"line":103,"column":0},"end":{"line":103,"column":64}},"103":{"start":{"line":104,"column":0},"end":{"line":104,"column":22}},"104":{"start":{"line":105,"column":0},"end":{"line":105,"column":28}},"106":{"start":{"line":107,"column":0},"end":{"line":107,"column":5}},"107":{"start":{"line":108,"column":0},"end":{"line":108,"column":4}},"108":{"start":{"line":109,"column":0},"end":{"line":109,"column":3}},"110":{"start":{"line":111,"column":0},"end":{"line":111,"column":22}},"111":{"start":{"line":112,"column":0},"end":{"line":112,"column":18}},"112":{"start":{"line":113,"column":0},"end":{"line":113,"column":22}},"113":{"start":{"line":114,"column":0},"end":{"line":114,"column":50}},"114":{"start":{"line":115,"column":0},"end":{"line":115,"column":22}},"115":{"start":{"line":116,"column":0},"end":{"line":116,"column":27}},"116":{"start":{"line":117,"column":0},"end":{"line":117,"column":5}},"117":{"start":{"line":118,"column":0},"end":{"line":118,"column":4}},"118":{"start":{"line":119,"column":0},"end":{"line":119,"column":3}},"120":{"start":{"line":121,"column":0},"end":{"line":121,"column":22}},"121":{"start":{"line":122,"column":0},"end":{"line":122,"column":18}},"122":{"start":{"line":123,"column":0},"end":{"line":123,"column":22}},"123":{"start":{"line":124,"column":0},"end":{"line":124,"column":41}},"124":{"start":{"line":125,"column":0},"end":{"line":125,"column":34}},"125":{"start":{"line":126,"column":0},"end":{"line":126,"column":25}},"126":{"start":{"line":127,"column":0},"end":{"line":127,"column":3}},"127":{"start":{"line":128,"column":0},"end":{"line":128,"column":1}},"132":{"start":{"line":133,"column":0},"end":{"line":133,"column":90}},"133":{"start":{"line":134,"column":0},"end":{"line":134,"column":70}},"134":{"start":{"line":135,"column":0},"end":{"line":135,"column":1}},"139":{"start":{"line":140,"column":0},"end":{"line":140,"column":55}},"140":{"start":{"line":141,"column":0},"end":{"line":141,"column":39}},"141":{"start":{"line":142,"column":0},"end":{"line":142,"column":1}},"146":{"start":{"line":147,"column":0},"end":{"line":147,"column":42}},"147":{"start":{"line":148,"column":0},"end":{"line":148,"column":20}},"148":{"start":{"line":149,"column":0},"end":{"line":149,"column":15}},"149":{"start":{"line":150,"column":0},"end":{"line":150,"column":15}},"150":{"start":{"line":151,"column":0},"end":{"line":151,"column":11}},"151":{"start":{"line":152,"column":0},"end":{"line":152,"column":52}},"152":{"start":{"line":153,"column":0},"end":{"line":153,"column":1}},"157":{"start":{"line":158,"column":0},"end":{"line":158,"column":38}},"158":{"start":{"line":159,"column":0},"end":{"line":159,"column":22}},"159":{"start":{"line":160,"column":0},"end":{"line":160,"column":15}},"160":{"start":{"line":161,"column":0},"end":{"line":161,"column":15}},"161":{"start":{"line":162,"column":0},"end":{"line":162,"column":11}},"162":{"start":{"line":163,"column":0},"end":{"line":163,"column":37}},"163":{"start":{"line":164,"column":0},"end":{"line":164,"column":54}},"164":{"start":{"line":165,"column":0},"end":{"line":165,"column":1}}},"s":{"37":1,"38":1,"40":1,"41":1,"42":1,"43":1,"44":1,"45":1,"46":1,"47":1,"48":1,"49":1,"50":1,"51":1,"53":1,"54":1,"55":1,"56":1,"57":1,"58":1,"59":1,"60":1,"61":1,"62":1,"63":1,"64":1,"65":1,"67":1,"68":1,"69":1,"70":1,"71":1,"72":1,"73":1,"74":1,"75":1,"76":1,"77":1,"78":1,"80":1,"81":1,"82":1,"83":1,"84":1,"85":1,"86":1,"87":1,"88":1,"89":1,"90":1,"91":1,"96":1,"97":1,"99":1,"100":1,"101":1,"102":1,"103":1,"104":1,"106":1,"107":1,"108":1,"110":1,"111":1,"112":1,"113":1,"114":1,"115":1,"116":1,"117":1,"118":1,"120":1,"121":1,"122":1,"123":1,"124":1,"125":1,"126":1,"127":1,"132":1,"133":17,"134":17,"139":1,"140":0,"141":0,"146":1,"147":4,"148":4,"149":4,"150":4,"151":4,"152":4,"157":1,"158":1,"159":1,"160":1,"161":1,"162":1,"163":1,"164":1},"branchMap":{"0":{"type":"branch","line":133,"loc":{"start":{"line":133,"column":7},"end":{"line":135,"column":1}},"locations":[{"start":{"line":133,"column":7},"end":{"line":135,"column":1}}]},"1":{"type":"branch","line":147,"loc":{"start":{"line":147,"column":7},"end":{"line":153,"column":1}},"locations":[{"start":{"line":147,"column":7},"end":{"line":153,"column":1}}]},"2":{"type":"branch","line":158,"loc":{"start":{"line":158,"column":7},"end":{"line":165,"column":1}},"locations":[{"start":{"line":158,"column":7},"end":{"line":165,"column":1}}]},"3":{"type":"branch","line":163,"loc":{"start":{"line":163,"column":19},"end":{"line":163,"column":37}},"locations":[{"start":{"line":163,"column":19},"end":{"line":163,"column":37}}]}},"b":{"0":[17],"1":[4],"2":[1],"3":[0]},"fnMap":{"0":{"name":"approxEqual","decl":{"start":{"line":133,"column":7},"end":{"line":135,"column":1}},"loc":{"start":{"line":133,"column":7},"end":{"line":135,"column":1}},"line":133},"1":{"name":"roundCurrency","decl":{"start":{"line":140,"column":7},"end":{"line":142,"column":1}},"loc":{"start":{"line":140,"column":7},"end":{"line":142,"column":1}},"line":140},"2":{"name":"calculateCompoundInterest","decl":{"start":{"line":147,"column":7},"end":{"line":153,"column":1}},"loc":{"start":{"line":147,"column":7},"end":{"line":153,"column":1}},"line":147},"3":{"name":"calculatePresentValue","decl":{"start":{"line":158,"column":7},"end":{"line":165,"column":1}},"loc":{"start":{"line":158,"column":7},"end":{"line":165,"column":1}},"line":158}},"f":{"0":17,"1":0,"2":4,"3":1}}
}
